# JRE version: Java(TM) SE Runtime Environment (8.0_151-b12) (build 1.8.0_151-b12)
# Java VM: Java HotSpot(TM) 64-Bit Server VM (25.151-b12 mixed mode windows-amd64 compressed oops)
Heap:
 PSYoungGen      total 227840K, used 126639K [0x00000000d6200000, 0x00000000e4f80000, 0x0000000100000000)
  eden space 215552K, 58% used [0x00000000d6200000,0x00000000dddabc28,0x00000000e3480000)
  from space 12288K, 0% used [0x00000000e4380000,0x00000000e4380000,0x00000000e4f80000)
  to   space 13824K, 0% used [0x00000000e3480000,0x00000000e3480000,0x00000000e4200000)
 ParOldGen       total 81408K, used 15745K [0x0000000082600000, 0x0000000087580000, 0x00000000d6200000)
  object space 81408K, 19% used [0x0000000082600000,0x0000000083560768,0x0000000087580000)
 Metaspace       used 47614K, capacity 49948K, committed 50264K, reserved 1093632K
  class space    used 6503K, capacity 6972K, committed 7000K, reserved 1048576K
GC Heap History (10 events):
Event: 2.160 GC heap before
{Heap before GC invocations=6 (full 0):
 PSYoungGen      total 70656K, used 12136K [0x00000000d6200000, 0x00000000df600000, 0x0000000100000000)
  eden space 65536K, 10% used [0x00000000d6200000,0x00000000d68da8b8,0x00000000da200000)
  from space 5120K, 99% used [0x00000000da200000,0x00000000da6ffa98,0x00000000da700000)
  to   space 10240K, 0% used [0x00000000dec00000,0x00000000dec00000,0x00000000df600000)
 ParOldGen       total 86016K, used 6167K [0x0000000082600000, 0x0000000087a00000, 0x00000000d6200000)
  object space 86016K, 7% used [0x0000000082600000,0x0000000082c05c30,0x0000000087a00000)
 Metaspace       used 20211K, capacity 21196K, committed 21248K, reserved 1067008K
  class space    used 2527K, capacity 2792K, committed 2816K, reserved 1048576K
Event: 2.176 GC heap after
Heap after GC invocations=6 (full 0):
 PSYoungGen      total 139264K, used 5688K [0x00000000d6200000, 0x00000000df400000, 0x0000000100000000)
  eden space 131072K, 0% used [0x00000000d6200000,0x00000000d6200000,0x00000000de200000)
  from space 8192K, 69% used [0x00000000dec00000,0x00000000df18e0d0,0x00000000df400000)
  to   space 9216K, 0% used [0x00000000de200000,0x00000000de200000,0x00000000deb00000)
 ParOldGen       total 86016K, used 6175K [0x0000000082600000, 0x0000000087a00000, 0x00000000d6200000)
  object space 86016K, 7% used [0x0000000082600000,0x0000000082c07c30,0x0000000087a00000)
 Metaspace       used 20211K, capacity 21196K, committed 21248K, reserved 1067008K
  class space    used 2527K, capacity 2792K, committed 2816K, reserved 1048576K
}
Event: 2.177 GC heap before
{Heap before GC invocations=7 (full 1):
 PSYoungGen      total 139264K, used 5688K [0x00000000d6200000, 0x00000000df400000, 0x0000000100000000)
  eden space 131072K, 0% used [0x00000000d6200000,0x00000000d6200000,0x00000000de200000)
  from space 8192K, 69% used [0x00000000dec00000,0x00000000df18e0d0,0x00000000df400000)
  to   space 9216K, 0% used [0x00000000de200000,0x00000000de200000,0x00000000deb00000)
 ParOldGen       total 86016K, used 6175K [0x0000000082600000, 0x0000000087a00000, 0x00000000d6200000)
  object space 86016K, 7% used [0x0000000082600000,0x0000000082c07c30,0x0000000087a00000)
 Metaspace       used 20211K, capacity 21196K, committed 21248K, reserved 1067008K
  class space    used 2527K, capacity 2792K, committed 2816K, reserved 1048576K
Event: 2.213 GC heap after
Heap after GC invocations=7 (full 1):
 PSYoungGen      total 139264K, used 0K [0x00000000d6200000, 0x00000000df400000, 0x0000000100000000)
  eden space 131072K, 0% used [0x00000000d6200000,0x00000000d6200000,0x00000000de200000)
  from space 8192K, 0% used [0x00000000dec00000,0x00000000dec00000,0x00000000df400000)
  to   space 9216K, 0% used [0x00000000de200000,0x00000000de200000,0x00000000deb00000)
 ParOldGen       total 52224K, used 6000K [0x0000000082600000, 0x0000000085900000, 0x00000000d6200000)
  object space 52224K, 11% used [0x0000000082600000,0x0000000082bdc3b8,0x0000000085900000)
 Metaspace       used 20211K, capacity 21196K, committed 21248K, reserved 1067008K
  class space    used 2527K, capacity 2792K, committed 2816K, reserved 1048576K
}
Event: 5.538 GC heap before
{Heap before GC invocations=8 (full 1):
 PSYoungGen      total 139264K, used 131072K [0x00000000d6200000, 0x00000000df400000, 0x0000000100000000)
  eden space 131072K, 100% used [0x00000000d6200000,0x00000000de200000,0x00000000de200000)
  from space 8192K, 0% used [0x00000000dec00000,0x00000000dec00000,0x00000000df400000)
  to   space 9216K, 0% used [0x00000000de200000,0x00000000de200000,0x00000000deb00000)
 ParOldGen       total 52224K, used 6000K [0x0000000082600000, 0x0000000085900000, 0x00000000d6200000)
  object space 52224K, 11% used [0x0000000082600000,0x0000000082bdc3b8,0x0000000085900000)
 Metaspace       used 29107K, capacity 31114K, committed 31360K, reserved 1077248K
  class space    used 3744K, capacity 4099K, committed 4224K, reserved 1048576K
Event: 5.567 GC heap after
Heap after GC invocations=8 (full 1):
 PSYoungGen      total 140288K, used 9202K [0x00000000d6200000, 0x00000000e5000000, 0x0000000100000000)
  eden space 131072K, 0% used [0x00000000d6200000,0x00000000d6200000,0x00000000de200000)
  from space 9216K, 99% used [0x00000000de200000,0x00000000deafca70,0x00000000deb00000)
  to   space 12800K, 0% used [0x00000000e4380000,0x00000000e4380000,0x00000000e5000000)
 ParOldGen       total 52224K, used 10555K [0x0000000082600000, 0x0000000085900000, 0x00000000d6200000)
  object space 52224K, 20% used [0x0000000082600000,0x000000008304ed78,0x0000000085900000)
 Metaspace       used 29107K, capacity 31114K, committed 31360K, reserved 1077248K
  class space    used 3744K, capacity 4099K, committed 4224K, reserved 1048576K
}
Event: 6.641 GC heap before
{Heap before GC invocations=9 (full 1):
 PSYoungGen      total 140288K, used 135548K [0x00000000d6200000, 0x00000000e5000000, 0x0000000100000000)
  eden space 131072K, 96% used [0x00000000d6200000,0x00000000ddd62618,0x00000000de200000)
  from space 9216K, 99% used [0x00000000de200000,0x00000000deafca70,0x00000000deb00000)
  to   space 12800K, 0% used [0x00000000e4380000,0x00000000e4380000,0x00000000e5000000)
 ParOldGen       total 52224K, used 10555K [0x0000000082600000, 0x0000000085900000, 0x00000000d6200000)
  object space 52224K, 20% used [0x0000000082600000,0x000000008304ed78,0x0000000085900000)
 Metaspace       used 33201K, capacity 35326K, committed 35416K, reserved 1079296K
  class space    used 4240K, capacity 4631K, committed 4696K, reserved 1048576K
Event: 6.666 GC heap after
Heap after GC invocations=9 (full 1):
 PSYoungGen      total 227840K, used 11036K [0x00000000d6200000, 0x00000000e4f80000, 0x0000000100000000)
  eden space 215552K, 0% used [0x00000000d6200000,0x00000000d6200000,0x00000000e3480000)
  from space 12288K, 89% used [0x00000000e4380000,0x00000000e4e471f0,0x00000000e4f80000)
  to   space 13824K, 0% used [0x00000000e3480000,0x00000000e3480000,0x00000000e4200000)
 ParOldGen       total 52224K, used 10563K [0x0000000082600000, 0x0000000085900000, 0x00000000d6200000)
  object space 52224K, 20% used [0x0000000082600000,0x0000000083050d78,0x0000000085900000)
 Metaspace       used 33201K, capacity 35326K, committed 35416K, reserved 1079296K
  class space    used 4240K, capacity 4631K, committed 4696K, reserved 1048576K
}
Event: 6.666 GC heap before
{Heap before GC invocations=10 (full 2):
 PSYoungGen      total 227840K, used 11036K [0x00000000d6200000, 0x00000000e4f80000, 0x0000000100000000)
  eden space 215552K, 0% used [0x00000000d6200000,0x00000000d6200000,0x00000000e3480000)
  from space 12288K, 89% used [0x00000000e4380000,0x00000000e4e471f0,0x00000000e4f80000)
  to   space 13824K, 0% used [0x00000000e3480000,0x00000000e3480000,0x00000000e4200000)
 ParOldGen       total 52224K, used 10563K [0x0000000082600000, 0x0000000085900000, 0x00000000d6200000)
  object space 52224K, 20% used [0x0000000082600000,0x0000000083050d78,0x0000000085900000)
 Metaspace       used 33201K, capacity 35326K, committed 35416K, reserved 1079296K
  class space    used 4240K, capacity 4631K, committed 4696K, reserved 1048576K
Event: 6.782 GC heap after
Heap after GC invocations=10 (full 2):
 PSYoungGen      total 227840K, used 0K [0x00000000d6200000, 0x00000000e4f80000, 0x0000000100000000)
  eden space 215552K, 0% used [0x00000000d6200000,0x00000000d6200000,0x00000000e3480000)
  from space 12288K, 0% used [0x00000000e4380000,0x00000000e4380000,0x00000000e4f80000)
  to   space 13824K, 0% used [0x00000000e3480000,0x00000000e3480000,0x00000000e4200000)
 ParOldGen       total 81408K, used 15745K [0x0000000082600000, 0x0000000087580000, 0x00000000d6200000)
  object space 81408K, 19% used [0x0000000082600000,0x0000000083560768,0x0000000087580000)
 Metaspace       used 33201K, capacity 35326K, committed 35416K, reserved 1079296K
  class space    used 4240K, capacity 4631K, committed 4696K, reserved 1048576K
}

