# JRE version: Java(TM) SE Runtime Environment (8.0_151-b12) (build 1.8.0_151-b12)
# Java VM: Java HotSpot(TM) 64-Bit Server VM (25.151-b12 mixed mode windows-amd64 compressed oops)
Heap:
 PSYoungGen      total 221696K, used 44066K [0x00000000d6200000, 0x00000000e4c80000, 0x0000000100000000)
  eden space 210432K, 20% used [0x00000000d6200000,0x00000000d8d08b70,0x00000000e2f80000)
  from space 11264K, 0% used [0x00000000e4180000,0x00000000e4180000,0x00000000e4c80000)
  to   space 14336K, 0% used [0x00000000e3080000,0x00000000e3080000,0x00000000e3e80000)
 ParOldGen       total 52736K, used 15786K [0x0000000082600000, 0x0000000085980000, 0x00000000d6200000)
  object space 52736K, 29% used [0x0000000082600000,0x000000008356a9c8,0x0000000085980000)
 Metaspace       used 37535K, capacity 39802K, committed 40152K, reserved 1083392K
  class space    used 4829K, capacity 5257K, committed 5336K, reserved 1048576K
GC Heap History (10 events):
Event: 4.529 GC heap before
{Heap before GC invocations=6 (full 0):
 PSYoungGen      total 70656K, used 12781K [0x00000000d6200000, 0x00000000df500000, 0x0000000100000000)
  eden space 65536K, 11% used [0x00000000d6200000,0x00000000d697ba70,0x00000000da200000)
  from space 5120K, 99% used [0x00000000da200000,0x00000000da6ffa98,0x00000000da700000)
  to   space 9728K, 0% used [0x00000000deb80000,0x00000000deb80000,0x00000000df500000)
 ParOldGen       total 86016K, used 5943K [0x0000000082600000, 0x0000000087a00000, 0x00000000d6200000)
  object space 86016K, 6% used [0x0000000082600000,0x0000000082bcde40,0x0000000087a00000)
 Metaspace       used 20253K, capacity 21162K, committed 21248K, reserved 1067008K
  class space    used 2523K, capacity 2755K, committed 2816K, reserved 1048576K
Event: 4.543 GC heap after
Heap after GC invocations=6 (full 0):
 PSYoungGen      total 140800K, used 6204K [0x00000000d6200000, 0x00000000df500000, 0x0000000100000000)
  eden space 131072K, 0% used [0x00000000d6200000,0x00000000d6200000,0x00000000de200000)
  from space 9728K, 63% used [0x00000000deb80000,0x00000000df18f128,0x00000000df500000)
  to   space 9728K, 0% used [0x00000000de200000,0x00000000de200000,0x00000000deb80000)
 ParOldGen       total 86016K, used 5951K [0x0000000082600000, 0x0000000087a00000, 0x00000000d6200000)
  object space 86016K, 6% used [0x0000000082600000,0x0000000082bcfe40,0x0000000087a00000)
 Metaspace       used 20253K, capacity 21162K, committed 21248K, reserved 1067008K
  class space    used 2523K, capacity 2755K, committed 2816K, reserved 1048576K
}
Event: 4.543 GC heap before
{Heap before GC invocations=7 (full 1):
 PSYoungGen      total 140800K, used 6204K [0x00000000d6200000, 0x00000000df500000, 0x0000000100000000)
  eden space 131072K, 0% used [0x00000000d6200000,0x00000000d6200000,0x00000000de200000)
  from space 9728K, 63% used [0x00000000deb80000,0x00000000df18f128,0x00000000df500000)
  to   space 9728K, 0% used [0x00000000de200000,0x00000000de200000,0x00000000deb80000)
 ParOldGen       total 86016K, used 5951K [0x0000000082600000, 0x0000000087a00000, 0x00000000d6200000)
  object space 86016K, 6% used [0x0000000082600000,0x0000000082bcfe40,0x0000000087a00000)
 Metaspace       used 20253K, capacity 21162K, committed 21248K, reserved 1067008K
  class space    used 2523K, capacity 2755K, committed 2816K, reserved 1048576K
Event: 4.603 GC heap after
Heap after GC invocations=7 (full 1):
 PSYoungGen      total 140800K, used 0K [0x00000000d6200000, 0x00000000df500000, 0x0000000100000000)
  eden space 131072K, 0% used [0x00000000d6200000,0x00000000d6200000,0x00000000de200000)
  from space 9728K, 0% used [0x00000000deb80000,0x00000000deb80000,0x00000000df500000)
  to   space 9728K, 0% used [0x00000000de200000,0x00000000de200000,0x00000000deb80000)
 ParOldGen       total 52736K, used 6181K [0x0000000082600000, 0x0000000085980000, 0x00000000d6200000)
  object space 52736K, 11% used [0x0000000082600000,0x0000000082c09750,0x0000000085980000)
 Metaspace       used 20253K, capacity 21162K, committed 21248K, reserved 1067008K
  class space    used 2523K, capacity 2755K, committed 2816K, reserved 1048576K
}
Event: 9.030 GC heap before
{Heap before GC invocations=8 (full 1):
 PSYoungGen      total 140800K, used 131072K [0x00000000d6200000, 0x00000000df500000, 0x0000000100000000)
  eden space 131072K, 100% used [0x00000000d6200000,0x00000000de200000,0x00000000de200000)
  from space 9728K, 0% used [0x00000000deb80000,0x00000000deb80000,0x00000000df500000)
  to   space 9728K, 0% used [0x00000000de200000,0x00000000de200000,0x00000000deb80000)
 ParOldGen       total 52736K, used 6181K [0x0000000082600000, 0x0000000085980000, 0x00000000d6200000)
  object space 52736K, 11% used [0x0000000082600000,0x0000000082c09750,0x0000000085980000)
 Metaspace       used 29150K, capacity 31130K, committed 31360K, reserved 1077248K
  class space    used 3743K, capacity 4099K, committed 4224K, reserved 1048576K
Event: 9.051 GC heap after
Heap after GC invocations=8 (full 1):
 PSYoungGen      total 140800K, used 9718K [0x00000000d6200000, 0x00000000e4e80000, 0x0000000100000000)
  eden space 131072K, 0% used [0x00000000d6200000,0x00000000d6200000,0x00000000de200000)
  from space 9728K, 99% used [0x00000000de200000,0x00000000deb7dab0,0x00000000deb80000)
  to   space 13312K, 0% used [0x00000000e4180000,0x00000000e4180000,0x00000000e4e80000)
 ParOldGen       total 52736K, used 10225K [0x0000000082600000, 0x0000000085980000, 0x00000000d6200000)
  object space 52736K, 19% used [0x0000000082600000,0x0000000082ffc770,0x0000000085980000)
 Metaspace       used 29150K, capacity 31130K, committed 31360K, reserved 1077248K
  class space    used 3743K, capacity 4099K, committed 4224K, reserved 1048576K
}
Event: 11.122 GC heap before
{Heap before GC invocations=9 (full 1):
 PSYoungGen      total 140800K, used 136137K [0x00000000d6200000, 0x00000000e4e80000, 0x0000000100000000)
  eden space 131072K, 96% used [0x00000000d6200000,0x00000000ddd74bd0,0x00000000de200000)
  from space 9728K, 99% used [0x00000000de200000,0x00000000deb7dab0,0x00000000deb80000)
  to   space 13312K, 0% used [0x00000000e4180000,0x00000000e4180000,0x00000000e4e80000)
 ParOldGen       total 52736K, used 10225K [0x0000000082600000, 0x0000000085980000, 0x00000000d6200000)
  object space 52736K, 19% used [0x0000000082600000,0x0000000082ffc770,0x0000000085980000)
 Metaspace       used 33223K, capacity 35374K, committed 35416K, reserved 1079296K
  class space    used 4239K, capacity 4663K, committed 4696K, reserved 1048576K
Event: 11.141 GC heap after
Heap after GC invocations=9 (full 1):
 PSYoungGen      total 221696K, used 10948K [0x00000000d6200000, 0x00000000e4c80000, 0x0000000100000000)
  eden space 210432K, 0% used [0x00000000d6200000,0x00000000d6200000,0x00000000e2f80000)
  from space 11264K, 97% used [0x00000000e4180000,0x00000000e4c31090,0x00000000e4c80000)
  to   space 14336K, 0% used [0x00000000e3080000,0x00000000e3080000,0x00000000e3e80000)
 ParOldGen       total 52736K, used 10233K [0x0000000082600000, 0x0000000085980000, 0x00000000d6200000)
  object space 52736K, 19% used [0x0000000082600000,0x0000000082ffe770,0x0000000085980000)
 Metaspace       used 33223K, capacity 35374K, committed 35416K, reserved 1079296K
  class space    used 4239K, capacity 4663K, committed 4696K, reserved 1048576K
}
Event: 11.141 GC heap before
{Heap before GC invocations=10 (full 2):
 PSYoungGen      total 221696K, used 10948K [0x00000000d6200000, 0x00000000e4c80000, 0x0000000100000000)
  eden space 210432K, 0% used [0x00000000d6200000,0x00000000d6200000,0x00000000e2f80000)
  from space 11264K, 97% used [0x00000000e4180000,0x00000000e4c31090,0x00000000e4c80000)
  to   space 14336K, 0% used [0x00000000e3080000,0x00000000e3080000,0x00000000e3e80000)
 ParOldGen       total 52736K, used 10233K [0x0000000082600000, 0x0000000085980000, 0x00000000d6200000)
  object space 52736K, 19% used [0x0000000082600000,0x0000000082ffe770,0x0000000085980000)
 Metaspace       used 33223K, capacity 35374K, committed 35416K, reserved 1079296K
  class space    used 4239K, capacity 4663K, committed 4696K, reserved 1048576K
Event: 11.223 GC heap after
Heap after GC invocations=10 (full 2):
 PSYoungGen      total 221696K, used 0K [0x00000000d6200000, 0x00000000e4c80000, 0x0000000100000000)
  eden space 210432K, 0% used [0x00000000d6200000,0x00000000d6200000,0x00000000e2f80000)
  from space 11264K, 0% used [0x00000000e4180000,0x00000000e4180000,0x00000000e4c80000)
  to   space 14336K, 0% used [0x00000000e3080000,0x00000000e3080000,0x00000000e3e80000)
 ParOldGen       total 52736K, used 15786K [0x0000000082600000, 0x0000000085980000, 0x00000000d6200000)
  object space 52736K, 29% used [0x0000000082600000,0x000000008356a9c8,0x0000000085980000)
 Metaspace       used 33223K, capacity 35374K, committed 35416K, reserved 1079296K
  class space    used 4239K, capacity 4663K, committed 4696K, reserved 1048576K
}

