# JRE version: Java(TM) SE Runtime Environment (8.0_151-b12) (build 1.8.0_151-b12)
# Java VM: Java HotSpot(TM) 64-Bit Server VM (25.151-b12 mixed mode windows-amd64 compressed oops)
Heap:
 PSYoungGen      total 231936K, used 176910K [0x00000000d6200000, 0x00000000e5380000, 0x0000000100000000)
  eden space 219136K, 80% used [0x00000000d6200000,0x00000000e0ec3b00,0x00000000e3800000)
  from space 12800K, 0% used [0x00000000e3a80000,0x00000000e3a80000,0x00000000e4700000)
  to   space 9728K, 0% used [0x00000000e4a00000,0x00000000e4a00000,0x00000000e5380000)
 ParOldGen       total 72192K, used 14321K [0x0000000082600000, 0x0000000086c80000, 0x00000000d6200000)
  object space 72192K, 19% used [0x0000000082600000,0x00000000833fc410,0x0000000086c80000)
 Metaspace       used 49072K, capacity 51450K, committed 51712K, reserved 1093632K
  class space    used 6665K, capacity 7117K, committed 7168K, reserved 1048576K
GC Heap History (10 events):
Event: 9.539 GC heap before
{Heap before GC invocations=7 (full 1):
 PSYoungGen      total 141312K, used 6480K [0x00000000d6200000, 0x00000000df600000, 0x0000000100000000)
  eden space 131072K, 0% used [0x00000000d6200000,0x00000000d6200000,0x00000000de200000)
  from space 10240K, 63% used [0x00000000dec00000,0x00000000df254388,0x00000000df600000)
  to   space 10240K, 0% used [0x00000000de200000,0x00000000de200000,0x00000000dec00000)
 ParOldGen       total 86016K, used 5432K [0x0000000082600000, 0x0000000087a00000, 0x00000000d6200000)
  object space 86016K, 6% used [0x0000000082600000,0x0000000082b4e200,0x0000000087a00000)
 Metaspace       used 20345K, capacity 21224K, committed 21296K, reserved 1069056K
  class space    used 2540K, capacity 2777K, committed 2816K, reserved 1048576K
Event: 9.617 GC heap after
Heap after GC invocations=7 (full 1):
 PSYoungGen      total 141312K, used 0K [0x00000000d6200000, 0x00000000df600000, 0x0000000100000000)
  eden space 131072K, 0% used [0x00000000d6200000,0x00000000d6200000,0x00000000de200000)
  from space 10240K, 0% used [0x00000000dec00000,0x00000000dec00000,0x00000000df600000)
  to   space 10240K, 0% used [0x00000000de200000,0x00000000de200000,0x00000000dec00000)
 ParOldGen       total 51200K, used 6476K [0x0000000082600000, 0x0000000085800000, 0x00000000d6200000)
  object space 51200K, 12% used [0x0000000082600000,0x0000000082c53288,0x0000000085800000)
 Metaspace       used 20345K, capacity 21224K, committed 21296K, reserved 1069056K
  class space    used 2540K, capacity 2777K, committed 2816K, reserved 1048576K
}
Event: 14.905 GC heap before
{Heap before GC invocations=8 (full 1):
 PSYoungGen      total 141312K, used 131072K [0x00000000d6200000, 0x00000000df600000, 0x0000000100000000)
  eden space 131072K, 100% used [0x00000000d6200000,0x00000000de200000,0x00000000de200000)
  from space 10240K, 0% used [0x00000000dec00000,0x00000000dec00000,0x00000000df600000)
  to   space 10240K, 0% used [0x00000000de200000,0x00000000de200000,0x00000000dec00000)
 ParOldGen       total 51200K, used 6476K [0x0000000082600000, 0x0000000085800000, 0x00000000d6200000)
  object space 51200K, 12% used [0x0000000082600000,0x0000000082c53288,0x0000000085800000)
 Metaspace       used 27259K, capacity 28914K, committed 29184K, reserved 1075200K
  class space    used 3494K, capacity 3827K, committed 3840K, reserved 1048576K
Event: 14.949 GC heap after
Heap after GC invocations=8 (full 1):
 PSYoungGen      total 141312K, used 10236K [0x00000000d6200000, 0x00000000e5600000, 0x0000000100000000)
  eden space 131072K, 0% used [0x00000000d6200000,0x00000000d6200000,0x00000000de200000)
  from space 10240K, 99% used [0x00000000de200000,0x00000000debff160,0x00000000dec00000)
  to   space 12288K, 0% used [0x00000000e4a00000,0x00000000e4a00000,0x00000000e5600000)
 ParOldGen       total 51200K, used 7577K [0x0000000082600000, 0x0000000085800000, 0x00000000d6200000)
  object space 51200K, 14% used [0x0000000082600000,0x0000000082d66720,0x0000000085800000)
 Metaspace       used 27259K, capacity 28914K, committed 29184K, reserved 1075200K
  class space    used 3494K, capacity 3827K, committed 3840K, reserved 1048576K
}
Event: 20.168 GC heap before
{Heap before GC invocations=9 (full 1):
 PSYoungGen      total 141312K, used 141308K [0x00000000d6200000, 0x00000000e5600000, 0x0000000100000000)
  eden space 131072K, 100% used [0x00000000d6200000,0x00000000de200000,0x00000000de200000)
  from space 10240K, 99% used [0x00000000de200000,0x00000000debff160,0x00000000dec00000)
  to   space 12288K, 0% used [0x00000000e4a00000,0x00000000e4a00000,0x00000000e5600000)
 ParOldGen       total 51200K, used 7577K [0x0000000082600000, 0x0000000085800000, 0x00000000d6200000)
  object space 51200K, 14% used [0x0000000082600000,0x0000000082d66720,0x0000000085800000)
 Metaspace       used 31302K, capacity 33392K, committed 33664K, reserved 1079296K
  class space    used 3988K, capacity 4398K, committed 4480K, reserved 1048576K
Event: 20.186 GC heap after
Heap after GC invocations=9 (full 1):
 PSYoungGen      total 228864K, used 9558K [0x00000000d6200000, 0x00000000e5380000, 0x0000000100000000)
  eden space 219136K, 0% used [0x00000000d6200000,0x00000000d6200000,0x00000000e3800000)
  from space 9728K, 98% used [0x00000000e4a00000,0x00000000e5355838,0x00000000e5380000)
  to   space 12800K, 0% used [0x00000000e3a80000,0x00000000e3a80000,0x00000000e4700000)
 ParOldGen       total 51200K, used 7585K [0x0000000082600000, 0x0000000085800000, 0x00000000d6200000)
  object space 51200K, 14% used [0x0000000082600000,0x0000000082d68720,0x0000000085800000)
 Metaspace       used 31302K, capacity 33392K, committed 33664K, reserved 1079296K
  class space    used 3988K, capacity 4398K, committed 4480K, reserved 1048576K
}
Event: 21.133 GC heap before
{Heap before GC invocations=10 (full 1):
 PSYoungGen      total 228864K, used 44437K [0x00000000d6200000, 0x00000000e5380000, 0x0000000100000000)
  eden space 219136K, 15% used [0x00000000d6200000,0x00000000d840ff10,0x00000000e3800000)
  from space 9728K, 98% used [0x00000000e4a00000,0x00000000e5355838,0x00000000e5380000)
  to   space 12800K, 0% used [0x00000000e3a80000,0x00000000e3a80000,0x00000000e4700000)
 ParOldGen       total 51200K, used 7585K [0x0000000082600000, 0x0000000085800000, 0x00000000d6200000)
  object space 51200K, 14% used [0x0000000082600000,0x0000000082d68720,0x0000000085800000)
 Metaspace       used 33252K, capacity 35374K, committed 35456K, reserved 1079296K
  class space    used 4248K, capacity 4661K, committed 4736K, reserved 1048576K
Event: 21.168 GC heap after
Heap after GC invocations=10 (full 1):
 PSYoungGen      total 231936K, used 9575K [0x00000000d6200000, 0x00000000e5380000, 0x0000000100000000)
  eden space 219136K, 0% used [0x00000000d6200000,0x00000000d6200000,0x00000000e3800000)
  from space 12800K, 74% used [0x00000000e3a80000,0x00000000e43d9c98,0x00000000e4700000)
  to   space 9728K, 0% used [0x00000000e4a00000,0x00000000e4a00000,0x00000000e5380000)
 ParOldGen       total 51200K, used 7593K [0x0000000082600000, 0x0000000085800000, 0x00000000d6200000)
  object space 51200K, 14% used [0x0000000082600000,0x0000000082d6a720,0x0000000085800000)
 Metaspace       used 33252K, capacity 35374K, committed 35456K, reserved 1079296K
  class space    used 4248K, capacity 4661K, committed 4736K, reserved 1048576K
}
Event: 21.168 GC heap before
{Heap before GC invocations=11 (full 2):
 PSYoungGen      total 231936K, used 9575K [0x00000000d6200000, 0x00000000e5380000, 0x0000000100000000)
  eden space 219136K, 0% used [0x00000000d6200000,0x00000000d6200000,0x00000000e3800000)
  from space 12800K, 74% used [0x00000000e3a80000,0x00000000e43d9c98,0x00000000e4700000)
  to   space 9728K, 0% used [0x00000000e4a00000,0x00000000e4a00000,0x00000000e5380000)
 ParOldGen       total 51200K, used 7593K [0x0000000082600000, 0x0000000085800000, 0x00000000d6200000)
  object space 51200K, 14% used [0x0000000082600000,0x0000000082d6a720,0x0000000085800000)
 Metaspace       used 33252K, capacity 35374K, committed 35456K, reserved 1079296K
  class space    used 4248K, capacity 4661K, committed 4736K, reserved 1048576K
Event: 21.315 GC heap after
Heap after GC invocations=11 (full 2):
 PSYoungGen      total 231936K, used 0K [0x00000000d6200000, 0x00000000e5380000, 0x0000000100000000)
  eden space 219136K, 0% used [0x00000000d6200000,0x00000000d6200000,0x00000000e3800000)
  from space 12800K, 0% used [0x00000000e3a80000,0x00000000e3a80000,0x00000000e4700000)
  to   space 9728K, 0% used [0x00000000e4a00000,0x00000000e4a00000,0x00000000e5380000)
 ParOldGen       total 72192K, used 14321K [0x0000000082600000, 0x0000000086c80000, 0x00000000d6200000)
  object space 72192K, 19% used [0x0000000082600000,0x00000000833fc410,0x0000000086c80000)
 Metaspace       used 33252K, capacity 35374K, committed 35456K, reserved 1079296K
  class space    used 4248K, capacity 4661K, committed 4736K, reserved 1048576K
}

