# JRE version: Java(TM) SE Runtime Environment (8.0_151-b12) (build 1.8.0_151-b12)
# Java VM: Java HotSpot(TM) 64-Bit Server VM (25.151-b12 mixed mode windows-amd64 compressed oops)
Heap:
 PSYoungGen      total 217600K, used 112617K [0x00000000d6200000, 0x00000000e4780000, 0x0000000100000000)
  eden space 206336K, 54% used [0x00000000d6200000,0x00000000dcffa4b8,0x00000000e2b80000)
  from space 11264K, 0% used [0x00000000e3c80000,0x00000000e3c80000,0x00000000e4780000)
  to   space 13824K, 0% used [0x00000000e2c80000,0x00000000e2c80000,0x00000000e3a00000)
 ParOldGen       total 83968K, used 15728K [0x0000000082600000, 0x0000000087800000, 0x00000000d6200000)
  object space 83968K, 18% used [0x0000000082600000,0x000000008355c238,0x0000000087800000)
 Metaspace       used 46368K, capacity 48714K, committed 48984K, reserved 1091584K
  class space    used 6303K, capacity 6735K, committed 6744K, reserved 1048576K
GC Heap History (10 events):
Event: 1.982 GC heap before
{Heap before GC invocations=6 (full 0):
 PSYoungGen      total 70656K, used 12100K [0x00000000d6200000, 0x00000000df500000, 0x0000000100000000)
  eden space 65536K, 10% used [0x00000000d6200000,0x00000000d68d72e0,0x00000000da200000)
  from space 5120K, 99% used [0x00000000da200000,0x00000000da6fa0c0,0x00000000da700000)
  to   space 9728K, 0% used [0x00000000deb80000,0x00000000deb80000,0x00000000df500000)
 ParOldGen       total 86016K, used 6069K [0x0000000082600000, 0x0000000087a00000, 0x00000000d6200000)
  object space 86016K, 7% used [0x0000000082600000,0x0000000082bed5f8,0x0000000087a00000)
 Metaspace       used 20193K, capacity 21192K, committed 21248K, reserved 1067008K
  class space    used 2533K, capacity 2792K, committed 2816K, reserved 1048576K
Event: 1.994 GC heap after
Heap after GC invocations=6 (full 0):
 PSYoungGen      total 139776K, used 5792K [0x00000000d6200000, 0x00000000df400000, 0x0000000100000000)
  eden space 131072K, 0% used [0x00000000d6200000,0x00000000d6200000,0x00000000de200000)
  from space 8704K, 66% used [0x00000000deb80000,0x00000000df1280a8,0x00000000df400000)
  to   space 9216K, 0% used [0x00000000de200000,0x00000000de200000,0x00000000deb00000)
 ParOldGen       total 86016K, used 6077K [0x0000000082600000, 0x0000000087a00000, 0x00000000d6200000)
  object space 86016K, 7% used [0x0000000082600000,0x0000000082bef5f8,0x0000000087a00000)
 Metaspace       used 20193K, capacity 21192K, committed 21248K, reserved 1067008K
  class space    used 2533K, capacity 2792K, committed 2816K, reserved 1048576K
}
Event: 1.994 GC heap before
{Heap before GC invocations=7 (full 1):
 PSYoungGen      total 139776K, used 5792K [0x00000000d6200000, 0x00000000df400000, 0x0000000100000000)
  eden space 131072K, 0% used [0x00000000d6200000,0x00000000d6200000,0x00000000de200000)
  from space 8704K, 66% used [0x00000000deb80000,0x00000000df1280a8,0x00000000df400000)
  to   space 9216K, 0% used [0x00000000de200000,0x00000000de200000,0x00000000deb00000)
 ParOldGen       total 86016K, used 6077K [0x0000000082600000, 0x0000000087a00000, 0x00000000d6200000)
  object space 86016K, 7% used [0x0000000082600000,0x0000000082bef5f8,0x0000000087a00000)
 Metaspace       used 20193K, capacity 21192K, committed 21248K, reserved 1067008K
  class space    used 2533K, capacity 2792K, committed 2816K, reserved 1048576K
Event: 2.045 GC heap after
Heap after GC invocations=7 (full 1):
 PSYoungGen      total 139776K, used 0K [0x00000000d6200000, 0x00000000df400000, 0x0000000100000000)
  eden space 131072K, 0% used [0x00000000d6200000,0x00000000d6200000,0x00000000de200000)
  from space 8704K, 0% used [0x00000000deb80000,0x00000000deb80000,0x00000000df400000)
  to   space 9216K, 0% used [0x00000000de200000,0x00000000de200000,0x00000000deb00000)
 ParOldGen       total 54272K, used 6046K [0x0000000082600000, 0x0000000085b00000, 0x00000000d6200000)
  object space 54272K, 11% used [0x0000000082600000,0x0000000082be7ab0,0x0000000085b00000)
 Metaspace       used 20193K, capacity 21192K, committed 21248K, reserved 1067008K
  class space    used 2533K, capacity 2792K, committed 2816K, reserved 1048576K
}
Event: 5.181 GC heap before
{Heap before GC invocations=8 (full 1):
 PSYoungGen      total 139776K, used 131072K [0x00000000d6200000, 0x00000000df400000, 0x0000000100000000)
  eden space 131072K, 100% used [0x00000000d6200000,0x00000000de200000,0x00000000de200000)
  from space 8704K, 0% used [0x00000000deb80000,0x00000000deb80000,0x00000000df400000)
  to   space 9216K, 0% used [0x00000000de200000,0x00000000de200000,0x00000000deb00000)
 ParOldGen       total 54272K, used 6046K [0x0000000082600000, 0x0000000085b00000, 0x00000000d6200000)
  object space 54272K, 11% used [0x0000000082600000,0x0000000082be7ab0,0x0000000085b00000)
 Metaspace       used 29143K, capacity 31118K, committed 31360K, reserved 1077248K
  class space    used 3745K, capacity 4099K, committed 4224K, reserved 1048576K
Event: 5.218 GC heap after
Heap after GC invocations=8 (full 1):
 PSYoungGen      total 140288K, used 9208K [0x00000000d6200000, 0x00000000e4900000, 0x0000000100000000)
  eden space 131072K, 0% used [0x00000000d6200000,0x00000000d6200000,0x00000000de200000)
  from space 9216K, 99% used [0x00000000de200000,0x00000000deafe390,0x00000000deb00000)
  to   space 12800K, 0% used [0x00000000e3c80000,0x00000000e3c80000,0x00000000e4900000)
 ParOldGen       total 54272K, used 10610K [0x0000000082600000, 0x0000000085b00000, 0x00000000d6200000)
  object space 54272K, 19% used [0x0000000082600000,0x000000008305cb50,0x0000000085b00000)
 Metaspace       used 29143K, capacity 31118K, committed 31360K, reserved 1077248K
  class space    used 3745K, capacity 4099K, committed 4224K, reserved 1048576K
}
Event: 6.298 GC heap before
{Heap before GC invocations=9 (full 1):
 PSYoungGen      total 140288K, used 135084K [0x00000000d6200000, 0x00000000e4900000, 0x0000000100000000)
  eden space 131072K, 96% used [0x00000000d6200000,0x00000000ddcecd48,0x00000000de200000)
  from space 9216K, 99% used [0x00000000de200000,0x00000000deafe390,0x00000000deb00000)
  to   space 12800K, 0% used [0x00000000e3c80000,0x00000000e3c80000,0x00000000e4900000)
 ParOldGen       total 54272K, used 10610K [0x0000000082600000, 0x0000000085b00000, 0x00000000d6200000)
  object space 54272K, 19% used [0x0000000082600000,0x000000008305cb50,0x0000000085b00000)
 Metaspace       used 33206K, capacity 35334K, committed 35416K, reserved 1079296K
  class space    used 4235K, capacity 4631K, committed 4696K, reserved 1048576K
Event: 6.317 GC heap after
Heap after GC invocations=9 (full 1):
 PSYoungGen      total 217600K, used 10993K [0x00000000d6200000, 0x00000000e4780000, 0x0000000100000000)
  eden space 206336K, 0% used [0x00000000d6200000,0x00000000d6200000,0x00000000e2b80000)
  from space 11264K, 97% used [0x00000000e3c80000,0x00000000e473c548,0x00000000e4780000)
  to   space 13824K, 0% used [0x00000000e2c80000,0x00000000e2c80000,0x00000000e3a00000)
 ParOldGen       total 54272K, used 10618K [0x0000000082600000, 0x0000000085b00000, 0x00000000d6200000)
  object space 54272K, 19% used [0x0000000082600000,0x000000008305eb50,0x0000000085b00000)
 Metaspace       used 33206K, capacity 35334K, committed 35416K, reserved 1079296K
  class space    used 4235K, capacity 4631K, committed 4696K, reserved 1048576K
}
Event: 6.317 GC heap before
{Heap before GC invocations=10 (full 2):
 PSYoungGen      total 217600K, used 10993K [0x00000000d6200000, 0x00000000e4780000, 0x0000000100000000)
  eden space 206336K, 0% used [0x00000000d6200000,0x00000000d6200000,0x00000000e2b80000)
  from space 11264K, 97% used [0x00000000e3c80000,0x00000000e473c548,0x00000000e4780000)
  to   space 13824K, 0% used [0x00000000e2c80000,0x00000000e2c80000,0x00000000e3a00000)
 ParOldGen       total 54272K, used 10618K [0x0000000082600000, 0x0000000085b00000, 0x00000000d6200000)
  object space 54272K, 19% used [0x0000000082600000,0x000000008305eb50,0x0000000085b00000)
 Metaspace       used 33206K, capacity 35334K, committed 35416K, reserved 1079296K
  class space    used 4235K, capacity 4631K, committed 4696K, reserved 1048576K
Event: 6.419 GC heap after
Heap after GC invocations=10 (full 2):
 PSYoungGen      total 217600K, used 0K [0x00000000d6200000, 0x00000000e4780000, 0x0000000100000000)
  eden space 206336K, 0% used [0x00000000d6200000,0x00000000d6200000,0x00000000e2b80000)
  from space 11264K, 0% used [0x00000000e3c80000,0x00000000e3c80000,0x00000000e4780000)
  to   space 13824K, 0% used [0x00000000e2c80000,0x00000000e2c80000,0x00000000e3a00000)
 ParOldGen       total 83968K, used 15728K [0x0000000082600000, 0x0000000087800000, 0x00000000d6200000)
  object space 83968K, 18% used [0x0000000082600000,0x000000008355c238,0x0000000087800000)
 Metaspace       used 33206K, capacity 35334K, committed 35416K, reserved 1079296K
  class space    used 4235K, capacity 4631K, committed 4696K, reserved 1048576K
}

