# JRE version: Java(TM) SE Runtime Environment (8.0_151-b12) (build 1.8.0_151-b12)
# Java VM: Java HotSpot(TM) 64-Bit Server VM (25.151-b12 mixed mode windows-amd64 compressed oops)
Heap:
 PSYoungGen      total 139776K, used 113312K [0x00000000d6200000, 0x00000000df400000, 0x0000000100000000)
  eden space 131072K, 86% used [0x00000000d6200000,0x00000000dd0a8218,0x00000000de200000)
  from space 8704K, 0% used [0x00000000deb80000,0x00000000deb80000,0x00000000df400000)
  to   space 9216K, 0% used [0x00000000de200000,0x00000000de200000,0x00000000deb00000)
 ParOldGen       total 79872K, used 15755K [0x0000000082600000, 0x0000000087400000, 0x00000000d6200000)
  object space 79872K, 19% used [0x0000000082600000,0x0000000083562f78,0x0000000087400000)
 Metaspace       used 46652K, capacity 49028K, committed 49368K, reserved 1091584K
  class space    used 6361K, capacity 6834K, committed 6872K, reserved 1048576K
GC Heap History (10 events):
Event: 5.931 GC heap before
{Heap before GC invocations=6 (full 0):
 PSYoungGen      total 70656K, used 10542K [0x00000000d6200000, 0x00000000df500000, 0x0000000100000000)
  eden space 65536K, 8% used [0x00000000d6200000,0x00000000d6751a50,0x00000000da200000)
  from space 5120K, 99% used [0x00000000da200000,0x00000000da6fa0c0,0x00000000da700000)
  to   space 9728K, 0% used [0x00000000deb80000,0x00000000deb80000,0x00000000df500000)
 ParOldGen       total 86016K, used 6010K [0x0000000082600000, 0x0000000087a00000, 0x00000000d6200000)
  object space 86016K, 6% used [0x0000000082600000,0x0000000082bdea70,0x0000000087a00000)
 Metaspace       used 20203K, capacity 21142K, committed 21248K, reserved 1067008K
  class space    used 2519K, capacity 2752K, committed 2816K, reserved 1048576K
Event: 5.949 GC heap after
Heap after GC invocations=6 (full 0):
 PSYoungGen      total 139776K, used 5899K [0x00000000d6200000, 0x00000000df400000, 0x0000000100000000)
  eden space 131072K, 0% used [0x00000000d6200000,0x00000000d6200000,0x00000000de200000)
  from space 8704K, 67% used [0x00000000deb80000,0x00000000df142dd0,0x00000000df400000)
  to   space 9216K, 0% used [0x00000000de200000,0x00000000de200000,0x00000000deb00000)
 ParOldGen       total 86016K, used 6018K [0x0000000082600000, 0x0000000087a00000, 0x00000000d6200000)
  object space 86016K, 6% used [0x0000000082600000,0x0000000082be0a70,0x0000000087a00000)
 Metaspace       used 20203K, capacity 21142K, committed 21248K, reserved 1067008K
  class space    used 2519K, capacity 2752K, committed 2816K, reserved 1048576K
}
Event: 5.949 GC heap before
{Heap before GC invocations=7 (full 1):
 PSYoungGen      total 139776K, used 5899K [0x00000000d6200000, 0x00000000df400000, 0x0000000100000000)
  eden space 131072K, 0% used [0x00000000d6200000,0x00000000d6200000,0x00000000de200000)
  from space 8704K, 67% used [0x00000000deb80000,0x00000000df142dd0,0x00000000df400000)
  to   space 9216K, 0% used [0x00000000de200000,0x00000000de200000,0x00000000deb00000)
 ParOldGen       total 86016K, used 6018K [0x0000000082600000, 0x0000000087a00000, 0x00000000d6200000)
  object space 86016K, 6% used [0x0000000082600000,0x0000000082be0a70,0x0000000087a00000)
 Metaspace       used 20203K, capacity 21142K, committed 21248K, reserved 1067008K
  class space    used 2519K, capacity 2752K, committed 2816K, reserved 1048576K
Event: 6.042 GC heap after
Heap after GC invocations=7 (full 1):
 PSYoungGen      total 139776K, used 0K [0x00000000d6200000, 0x00000000df400000, 0x0000000100000000)
  eden space 131072K, 0% used [0x00000000d6200000,0x00000000d6200000,0x00000000de200000)
  from space 8704K, 0% used [0x00000000deb80000,0x00000000deb80000,0x00000000df400000)
  to   space 9216K, 0% used [0x00000000de200000,0x00000000de200000,0x00000000deb00000)
 ParOldGen       total 52224K, used 5978K [0x0000000082600000, 0x0000000085900000, 0x00000000d6200000)
  object space 52224K, 11% used [0x0000000082600000,0x0000000082bd6ab0,0x0000000085900000)
 Metaspace       used 20203K, capacity 21142K, committed 21248K, reserved 1067008K
  class space    used 2519K, capacity 2752K, committed 2816K, reserved 1048576K
}
Event: 11.192 GC heap before
{Heap before GC invocations=8 (full 1):
 PSYoungGen      total 139776K, used 131072K [0x00000000d6200000, 0x00000000df400000, 0x0000000100000000)
  eden space 131072K, 100% used [0x00000000d6200000,0x00000000de200000,0x00000000de200000)
  from space 8704K, 0% used [0x00000000deb80000,0x00000000deb80000,0x00000000df400000)
  to   space 9216K, 0% used [0x00000000de200000,0x00000000de200000,0x00000000deb00000)
 ParOldGen       total 52224K, used 5978K [0x0000000082600000, 0x0000000085900000, 0x00000000d6200000)
  object space 52224K, 11% used [0x0000000082600000,0x0000000082bd6ab0,0x0000000085900000)
 Metaspace       used 29136K, capacity 31162K, committed 31360K, reserved 1077248K
  class space    used 3753K, capacity 4131K, committed 4224K, reserved 1048576K
Event: 11.235 GC heap after
Heap after GC invocations=8 (full 1):
 PSYoungGen      total 140288K, used 9201K [0x00000000d6200000, 0x00000000df400000, 0x0000000100000000)
  eden space 131072K, 0% used [0x00000000d6200000,0x00000000d6200000,0x00000000de200000)
  from space 9216K, 99% used [0x00000000de200000,0x00000000deafc760,0x00000000deb00000)
  to   space 8704K, 0% used [0x00000000deb80000,0x00000000deb80000,0x00000000df400000)
 ParOldGen       total 52224K, used 10751K [0x0000000082600000, 0x0000000085900000, 0x00000000d6200000)
  object space 52224K, 20% used [0x0000000082600000,0x000000008307ff78,0x0000000085900000)
 Metaspace       used 29136K, capacity 31162K, committed 31360K, reserved 1077248K
  class space    used 3753K, capacity 4131K, committed 4224K, reserved 1048576K
}
Event: 12.727 GC heap before
{Heap before GC invocations=9 (full 1):
 PSYoungGen      total 140288K, used 135648K [0x00000000d6200000, 0x00000000df400000, 0x0000000100000000)
  eden space 131072K, 96% used [0x00000000d6200000,0x00000000ddd7bc30,0x00000000de200000)
  from space 9216K, 99% used [0x00000000de200000,0x00000000deafc760,0x00000000deb00000)
  to   space 8704K, 0% used [0x00000000deb80000,0x00000000deb80000,0x00000000df400000)
 ParOldGen       total 52224K, used 10751K [0x0000000082600000, 0x0000000085900000, 0x00000000d6200000)
  object space 52224K, 20% used [0x0000000082600000,0x000000008307ff78,0x0000000085900000)
 Metaspace       used 33211K, capacity 35374K, committed 35416K, reserved 1079296K
  class space    used 4242K, capacity 4663K, committed 4696K, reserved 1048576K
Event: 12.752 GC heap after
Heap after GC invocations=9 (full 1):
 PSYoungGen      total 139776K, used 8675K [0x00000000d6200000, 0x00000000df400000, 0x0000000100000000)
  eden space 131072K, 0% used [0x00000000d6200000,0x00000000d6200000,0x00000000de200000)
  from space 8704K, 99% used [0x00000000deb80000,0x00000000df3f8de0,0x00000000df400000)
  to   space 9216K, 0% used [0x00000000de200000,0x00000000de200000,0x00000000deb00000)
 ParOldGen       total 52224K, used 13016K [0x0000000082600000, 0x0000000085900000, 0x00000000d6200000)
  object space 52224K, 24% used [0x0000000082600000,0x00000000832b60f0,0x0000000085900000)
 Metaspace       used 33211K, capacity 35374K, committed 35416K, reserved 1079296K
  class space    used 4242K, capacity 4663K, committed 4696K, reserved 1048576K
}
Event: 12.752 GC heap before
{Heap before GC invocations=10 (full 2):
 PSYoungGen      total 139776K, used 8675K [0x00000000d6200000, 0x00000000df400000, 0x0000000100000000)
  eden space 131072K, 0% used [0x00000000d6200000,0x00000000d6200000,0x00000000de200000)
  from space 8704K, 99% used [0x00000000deb80000,0x00000000df3f8de0,0x00000000df400000)
  to   space 9216K, 0% used [0x00000000de200000,0x00000000de200000,0x00000000deb00000)
 ParOldGen       total 52224K, used 13016K [0x0000000082600000, 0x0000000085900000, 0x00000000d6200000)
  object space 52224K, 24% used [0x0000000082600000,0x00000000832b60f0,0x0000000085900000)
 Metaspace       used 33211K, capacity 35374K, committed 35416K, reserved 1079296K
  class space    used 4242K, capacity 4663K, committed 4696K, reserved 1048576K
Event: 12.880 GC heap after
Heap after GC invocations=10 (full 2):
 PSYoungGen      total 139776K, used 0K [0x00000000d6200000, 0x00000000df400000, 0x0000000100000000)
  eden space 131072K, 0% used [0x00000000d6200000,0x00000000d6200000,0x00000000de200000)
  from space 8704K, 0% used [0x00000000deb80000,0x00000000deb80000,0x00000000df400000)
  to   space 9216K, 0% used [0x00000000de200000,0x00000000de200000,0x00000000deb00000)
 ParOldGen       total 79872K, used 15755K [0x0000000082600000, 0x0000000087400000, 0x00000000d6200000)
  object space 79872K, 19% used [0x0000000082600000,0x0000000083562f78,0x0000000087400000)
 Metaspace       used 33211K, capacity 35374K, committed 35416K, reserved 1079296K
  class space    used 4242K, capacity 4663K, committed 4696K, reserved 1048576K
}

