# JRE version: Java(TM) SE Runtime Environment (8.0_151-b12) (build 1.8.0_151-b12)
# Java VM: Java HotSpot(TM) 64-Bit Server VM (25.151-b12 mixed mode windows-amd64 compressed oops)
Heap:
 PSYoungGen      total 140800K, used 127456K [0x00000000d6200000, 0x00000000e4b00000, 0x0000000100000000)
  eden space 131072K, 89% used [0x00000000d6200000,0x00000000dd4fc6d8,0x00000000de200000)
  from space 9728K, 99% used [0x00000000de200000,0x00000000deb7bd18,0x00000000deb80000)
  to   space 12800K, 0% used [0x00000000e3e80000,0x00000000e3e80000,0x00000000e4b00000)
 ParOldGen       total 53248K, used 10119K [0x0000000082600000, 0x0000000085a00000, 0x00000000d6200000)
  object space 53248K, 19% used [0x0000000082600000,0x0000000082fe1c20,0x0000000085a00000)
 Metaspace       used 31430K, capacity 33516K, committed 33664K, reserved 1079296K
  class space    used 4053K, capacity 4458K, committed 4480K, reserved 1048576K
GC Heap History (10 events):
Event: 2.289 GC heap before
{Heap before GC invocations=4 (full 0):
 PSYoungGen      total 37888K, used 37865K [0x00000000d6200000, 0x00000000dac00000, 0x0000000100000000)
  eden space 32768K, 100% used [0x00000000d6200000,0x00000000d8200000,0x00000000d8200000)
  from space 5120K, 99% used [0x00000000d8200000,0x00000000d86fa5d0,0x00000000d8700000)
  to   space 5120K, 0% used [0x00000000da700000,0x00000000da700000,0x00000000dac00000)
 ParOldGen       total 86016K, used 710K [0x0000000082600000, 0x0000000087a00000, 0x00000000d6200000)
  object space 86016K, 0% used [0x0000000082600000,0x00000000826b18d0,0x0000000087a00000)
 Metaspace       used 17028K, capacity 17756K, committed 17920K, reserved 1064960K
  class space    used 2110K, capacity 2287K, committed 2304K, reserved 1048576K
Event: 2.299 GC heap after
Heap after GC invocations=4 (full 0):
 PSYoungGen      total 70656K, used 5103K [0x00000000d6200000, 0x00000000dac00000, 0x0000000100000000)
  eden space 65536K, 0% used [0x00000000d6200000,0x00000000d6200000,0x00000000da200000)
  from space 5120K, 99% used [0x00000000da700000,0x00000000dabfbeb8,0x00000000dac00000)
  to   space 5120K, 0% used [0x00000000da200000,0x00000000da200000,0x00000000da700000)
 ParOldGen       total 86016K, used 3616K [0x0000000082600000, 0x0000000087a00000, 0x00000000d6200000)
  object space 86016K, 4% used [0x0000000082600000,0x0000000082988398,0x0000000087a00000)
 Metaspace       used 17028K, capacity 17756K, committed 17920K, reserved 1064960K
  class space    used 2110K, capacity 2287K, committed 2304K, reserved 1048576K
}
Event: 2.830 GC heap before
{Heap before GC invocations=5 (full 0):
 PSYoungGen      total 70656K, used 70639K [0x00000000d6200000, 0x00000000dac00000, 0x0000000100000000)
  eden space 65536K, 100% used [0x00000000d6200000,0x00000000da200000,0x00000000da200000)
  from space 5120K, 99% used [0x00000000da700000,0x00000000dabfbeb8,0x00000000dac00000)
  to   space 5120K, 0% used [0x00000000da200000,0x00000000da200000,0x00000000da700000)
 ParOldGen       total 86016K, used 3616K [0x0000000082600000, 0x0000000087a00000, 0x00000000d6200000)
  object space 86016K, 4% used [0x0000000082600000,0x0000000082988398,0x0000000087a00000)
 Metaspace       used 19814K, capacity 20678K, committed 20864K, reserved 1067008K
  class space    used 2472K, capacity 2672K, committed 2688K, reserved 1048576K
Event: 2.849 GC heap after
Heap after GC invocations=5 (full 0):
 PSYoungGen      total 70656K, used 5112K [0x00000000d6200000, 0x00000000df500000, 0x0000000100000000)
  eden space 65536K, 0% used [0x00000000d6200000,0x00000000d6200000,0x00000000da200000)
  from space 5120K, 99% used [0x00000000da200000,0x00000000da6fe0b0,0x00000000da700000)
  to   space 9728K, 0% used [0x00000000deb80000,0x00000000deb80000,0x00000000df500000)
 ParOldGen       total 86016K, used 6078K [0x0000000082600000, 0x0000000087a00000, 0x00000000d6200000)
  object space 86016K, 7% used [0x0000000082600000,0x0000000082befbd8,0x0000000087a00000)
 Metaspace       used 19814K, capacity 20678K, committed 20864K, reserved 1067008K
  class space    used 2472K, capacity 2672K, committed 2688K, reserved 1048576K
}
Event: 3.081 GC heap before
{Heap before GC invocations=6 (full 0):
 PSYoungGen      total 70656K, used 13087K [0x00000000d6200000, 0x00000000df500000, 0x0000000100000000)
  eden space 65536K, 12% used [0x00000000d6200000,0x00000000d69c9d10,0x00000000da200000)
  from space 5120K, 99% used [0x00000000da200000,0x00000000da6fe0b0,0x00000000da700000)
  to   space 9728K, 0% used [0x00000000deb80000,0x00000000deb80000,0x00000000df500000)
 ParOldGen       total 86016K, used 6078K [0x0000000082600000, 0x0000000087a00000, 0x00000000d6200000)
  object space 86016K, 7% used [0x0000000082600000,0x0000000082befbd8,0x0000000087a00000)
 Metaspace       used 20168K, capacity 21120K, committed 21248K, reserved 1067008K
  class space    used 2519K, capacity 2724K, committed 2816K, reserved 1048576K
Event: 3.096 GC heap after
Heap after GC invocations=6 (full 0):
 PSYoungGen      total 140800K, used 6086K [0x00000000d6200000, 0x00000000df500000, 0x0000000100000000)
  eden space 131072K, 0% used [0x00000000d6200000,0x00000000d6200000,0x00000000de200000)
  from space 9728K, 62% used [0x00000000deb80000,0x00000000df171a70,0x00000000df500000)
  to   space 9728K, 0% used [0x00000000de200000,0x00000000de200000,0x00000000deb80000)
 ParOldGen       total 86016K, used 6086K [0x0000000082600000, 0x0000000087a00000, 0x00000000d6200000)
  object space 86016K, 7% used [0x0000000082600000,0x0000000082bf1bd8,0x0000000087a00000)
 Metaspace       used 20168K, capacity 21120K, committed 21248K, reserved 1067008K
  class space    used 2519K, capacity 2724K, committed 2816K, reserved 1048576K
}
Event: 3.096 GC heap before
{Heap before GC invocations=7 (full 1):
 PSYoungGen      total 140800K, used 6086K [0x00000000d6200000, 0x00000000df500000, 0x0000000100000000)
  eden space 131072K, 0% used [0x00000000d6200000,0x00000000d6200000,0x00000000de200000)
  from space 9728K, 62% used [0x00000000deb80000,0x00000000df171a70,0x00000000df500000)
  to   space 9728K, 0% used [0x00000000de200000,0x00000000de200000,0x00000000deb80000)
 ParOldGen       total 86016K, used 6086K [0x0000000082600000, 0x0000000087a00000, 0x00000000d6200000)
  object space 86016K, 7% used [0x0000000082600000,0x0000000082bf1bd8,0x0000000087a00000)
 Metaspace       used 20168K, capacity 21120K, committed 21248K, reserved 1067008K
  class space    used 2519K, capacity 2724K, committed 2816K, reserved 1048576K
Event: 3.145 GC heap after
Heap after GC invocations=7 (full 1):
 PSYoungGen      total 140800K, used 0K [0x00000000d6200000, 0x00000000df500000, 0x0000000100000000)
  eden space 131072K, 0% used [0x00000000d6200000,0x00000000d6200000,0x00000000de200000)
  from space 9728K, 0% used [0x00000000deb80000,0x00000000deb80000,0x00000000df500000)
  to   space 9728K, 0% used [0x00000000de200000,0x00000000de200000,0x00000000deb80000)
 ParOldGen       total 53248K, used 6068K [0x0000000082600000, 0x0000000085a00000, 0x00000000d6200000)
  object space 53248K, 11% used [0x0000000082600000,0x0000000082bed310,0x0000000085a00000)
 Metaspace       used 20168K, capacity 21120K, committed 21248K, reserved 1067008K
  class space    used 2519K, capacity 2724K, committed 2816K, reserved 1048576K
}
Event: 11.881 GC heap before
{Heap before GC invocations=8 (full 1):
 PSYoungGen      total 140800K, used 131072K [0x00000000d6200000, 0x00000000df500000, 0x0000000100000000)
  eden space 131072K, 100% used [0x00000000d6200000,0x00000000de200000,0x00000000de200000)
  from space 9728K, 0% used [0x00000000deb80000,0x00000000deb80000,0x00000000df500000)
  to   space 9728K, 0% used [0x00000000de200000,0x00000000de200000,0x00000000deb80000)
 ParOldGen       total 53248K, used 6068K [0x0000000082600000, 0x0000000085a00000, 0x00000000d6200000)
  object space 53248K, 11% used [0x0000000082600000,0x0000000082bed310,0x0000000085a00000)
 Metaspace       used 29132K, capacity 31080K, committed 31360K, reserved 1077248K
  class space    used 3741K, capacity 4102K, committed 4224K, reserved 1048576K
Event: 11.903 GC heap after
Heap after GC invocations=8 (full 1):
 PSYoungGen      total 140800K, used 9711K [0x00000000d6200000, 0x00000000e4b00000, 0x0000000100000000)
  eden space 131072K, 0% used [0x00000000d6200000,0x00000000d6200000,0x00000000de200000)
  from space 9728K, 99% used [0x00000000de200000,0x00000000deb7bd18,0x00000000deb80000)
  to   space 12800K, 0% used [0x00000000e3e80000,0x00000000e3e80000,0x00000000e4b00000)
 ParOldGen       total 53248K, used 10119K [0x0000000082600000, 0x0000000085a00000, 0x00000000d6200000)
  object space 53248K, 19% used [0x0000000082600000,0x0000000082fe1c20,0x0000000085a00000)
 Metaspace       used 29132K, capacity 31080K, committed 31360K, reserved 1077248K
  class space    used 3741K, capacity 4102K, committed 4224K, reserved 1048576K
}

